[20 12 2022 13:32:56.678] [INFO] - { isConfirmByAdmin: 'false' }
[20 12 2022 13:32:56.767] [INFO] - [
  {
    _id: new ObjectId("63a162c942e0d55b48e5f11f"),
    venue: new ObjectId("639eac5a835477f48252d3f1"),
    name: 'blackFields furious',
    bio: 'whiteField thrust makes you thrusty',
    isPackageActive: true,
    isDeleted: false,
    type: 'Gold',
    rating: 3.5,
    totalReviews: 1000,
    addOnService: [],
    guestCapacity: 200,
    offers: [ 'next booking for new user will be free' ],
    createdAt: 2022-12-20T07:22:49.954Z,
    updatedAt: 2022-12-20T07:22:49.954Z,
    isConfirmByAdmin: false,
    __v: 0
  }
]
